#
# A fatal error has been detected by the Java Runtime Environment:
#
#  EXCEPTION_ACCESS_VIOLATION (0xc0000005) at pc=0x000007fee1535b29, pid=5460, tid=6208
#
# JRE version: Java(TM) SE Runtime Environment (8.0_45-b15) (build 1.8.0_45-b15)
# Java VM: Java HotSpot(TM) 64-Bit Server VM (25.45-b02 mixed mode windows-amd64 compressed oops)
# Problematic frame:
# C  [d3d9.dll+0x5b29]
#
# Failed to write core dump. Minidumps are not enabled by default on client versions of Windows
#
# If you would like to submit a bug report, please visit:
#   http://bugreport.java.com/bugreport/crash.jsp
# The crash happened outside the Java Virtual Machine in native code.
# See problematic frame for where to report the bug.
#

---------------  T H R E A D  ---------------

Current thread (0x0000000019244000):  JavaThread "QuantumRenderer-0" daemon [_thread_in_native, id=6208, stack(0x00000000197b0000,0x00000000198b0000)]

siginfo: ExceptionCode=0xc0000005, writing address 0xffffffffffffffa0

Registers:
RAX=0x0000000019ece720, RBX=0xffffffffffffff8c, RCX=0x0000000019e74cc0, RDX=0x0000000000000000
RSP=0x00000000198ae220, RBP=0x0000000000000001, RSI=0x0000000019e74cc0, RDI=0x0000000000000000
R8 =0x000000000000000c, R9 =0x00000000000000ff, R10=0x000000003b83126f, R11=0x00000000198ae378
R12=0x0000000019ece728, R13=0x0000000000000000, R14=0x0000000000000000, R15=0x0000000000000000
RIP=0x000007fee1535b29, EFLAGS=0x0000000000010282

Top of Stack: (sp=0x00000000198ae220)
0x00000000198ae220:   0000000100000004 000007fee1535cde
0x00000000198ae230:   0000000019e74cc0 000007fee1550a36
0x00000000198ae240:   0000000000000000 000000000000000c
0x00000000198ae250:   0000000019e74cc0 000007fee1535a62
0x00000000198ae260:   0000000000000000 00000000198ae319
0x00000000198ae270:   0000000019e74cc0 0000000000000006
0x00000000198ae280:   000007fedb13cba8 000007fedb01a39c
0x00000000198ae290:   0000000019e74cc0 00000000198ae319
0x00000000198ae2a0:   0000000019e74cc0 0000000019e74cc0
0x00000000198ae2b0:   3f60624dd2f1a9fc 0000000000000000
0x00000000198ae2c0:   0000000019e78f8c 000007fee1536807
0x00000000198ae2d0:   0000000000000000 ffffffff3f800000
0x00000000198ae2e0:   0000000000000000 0000000043340000
0x00000000198ae2f0:   ffffffff3f800000 000000003f340000
0x00000000198ae300:   4214000043340000 ffffffff3f800000
0x00000000198ae310:   3f1400003f340000 4214000000000000 

Instructions: (pc=0x000007fee1535b29)
0x000007fee1535b09:   83 44 24 0c ff 75 0c 41 83 7c 24 08 00 0f 84 0a
0x000007fee1535b19:   d9 02 00 4a 89 9c ee 10 3e 00 00 48 85 db 74 09
0x000007fee1535b29:   01 6b 14 83 7b 58 03 74 11 8b cf d3 e5 09 ae 68
0x000007fee1535b39:   3f 00 00 83 8e f0 3d 00 00 02 48 8b 5c 24 40 48 


Register to memory mapping:

RAX=0x0000000019ece720 is an unknown value
RBX=0xffffffffffffff8c is an unknown value
RCX=0x0000000019e74cc0 is an unknown value
RDX=0x0000000000000000 is an unknown value
RSP=0x00000000198ae220 is pointing into the stack for thread: 0x0000000019244000
RBP=0x0000000000000001 is an unknown value
RSI=0x0000000019e74cc0 is an unknown value
RDI=0x0000000000000000 is an unknown value
R8 =0x000000000000000c is an unknown value
R9 =0x00000000000000ff is an unknown value
R10=0x000000003b83126f is an unknown value
R11=0x00000000198ae378 is pointing into the stack for thread: 0x0000000019244000
R12=0x0000000019ece728 is an unknown value
R13=0x0000000000000000 is an unknown value
R14=0x0000000000000000 is an unknown value
R15=0x0000000000000000 is an unknown value


Stack: [0x00000000197b0000,0x00000000198b0000],  sp=0x00000000198ae220,  free space=1016k
Native frames: (J=compiled Java code, j=interpreted, Vv=VM code, C=native code)
C  [d3d9.dll+0x5b29]
C  [d3d9.dll+0x5a62]
C  [ltc_game64-96675.dll+0x3a39c]
C  [ltc_game64-96675.dll+0x3a7a7]
C  [ltc_game64-96675.dll+0x3b160]
C  [ltc_game64-96675.dll+0x19b26]
C  [ltc_game64-96675.dll+0x3e64c]
C  [ltc_game64-96675.dll+0x3fd25]
C  [prism_d3d.dll+0x3606]
C  0x0000000002815e34

Java frames: (J=compiled Java code, j=interpreted, Vv=VM code)
j  com.sun.prism.d3d.D3DSwapChain.nPresent(JJ)I+0
j  com.sun.prism.d3d.D3DSwapChain.present()Z+16
j  com.sun.javafx.tk.quantum.PresentingPainter.run()V+446
j  java.util.concurrent.Executors$RunnableAdapter.call()Ljava/lang/Object;+4
j  java.util.concurrent.FutureTask.runAndReset()Z+47
j  com.sun.javafx.tk.RenderJob.run()V+1
j  java.util.concurrent.ThreadPoolExecutor.runWorker(Ljava/util/concurrent/ThreadPoolExecutor$Worker;)V+95
j  java.util.concurrent.ThreadPoolExecutor$Worker.run()V+5
j  com.sun.javafx.tk.quantum.QuantumRenderer$PipelineRunnable.run()V+8
j  java.lang.Thread.run()V+11
v  ~StubRoutines::call_stub

---------------  P R O C E S S  ---------------

Java Threads: ( => current thread )
  0x0000000019296000 JavaThread "LWJGL Timer" daemon [_thread_blocked, id=1096, stack(0x00000000265c0000,0x00000000266c0000)]
  0x0000000019295000 JavaThread "Java2D Disposer" daemon [_thread_blocked, id=6616, stack(0x0000000024610000,0x0000000024710000)]
  0x0000000019293800 JavaThread "LWJGL Application" [_thread_in_native, id=3932, stack(0x0000000022a50000,0x0000000022b50000)]
  0x0000000019292800 JavaThread "Prism Font Disposer" daemon [_thread_blocked, id=5900, stack(0x000000001df60000,0x000000001e060000)]
  0x0000000019292000 JavaThread "Thread-3" daemon [_thread_in_native, id=6532, stack(0x000000001bae0000,0x000000001bbe0000)]
  0x0000000019291000 JavaThread "JavaFX-Launcher" [_thread_blocked, id=4452, stack(0x000000001caf0000,0x000000001cbf0000)]
  0x000000001927a000 JavaThread "JavaFX Application Thread" [_thread_in_native, id=4852, stack(0x000000001a270000,0x000000001a370000)]
  0x0000000019278000 JavaThread "Thread-1" daemon [_thread_blocked, id=6576, stack(0x000000001a090000,0x000000001a190000)]
=>0x0000000019244000 JavaThread "QuantumRenderer-0" daemon [_thread_in_native, id=6208, stack(0x00000000197b0000,0x00000000198b0000)]
  0x0000000018f3e800 JavaThread "Service Thread" daemon [_thread_blocked, id=5340, stack(0x0000000019690000,0x0000000019790000)]
  0x0000000018ec3000 JavaThread "C1 CompilerThread2" daemon [_thread_blocked, id=5352, stack(0x0000000019550000,0x0000000019650000)]
  0x0000000018ec2800 JavaThread "C2 CompilerThread1" daemon [_thread_blocked, id=5376, stack(0x00000000193d0000,0x00000000194d0000)]
  0x00000000175d1800 JavaThread "C2 CompilerThread0" daemon [_thread_blocked, id=6524, stack(0x0000000018910000,0x0000000018a10000)]
  0x00000000175df800 JavaThread "Attach Listener" daemon [_thread_blocked, id=5532, stack(0x0000000018dc0000,0x0000000018ec0000)]
  0x00000000175de000 JavaThread "Signal Dispatcher" daemon [_thread_blocked, id=2320, stack(0x0000000018c00000,0x0000000018d00000)]
  0x0000000017578000 JavaThread "Finalizer" daemon [_thread_blocked, id=2980, stack(0x0000000018a20000,0x0000000018b20000)]
  0x0000000017571000 JavaThread "Reference Handler" daemon [_thread_blocked, id=5812, stack(0x00000000185d0000,0x00000000186d0000)]
  0x000000000231f000 JavaThread "main" [_thread_blocked, id=6324, stack(0x0000000002360000,0x0000000002460000)]

Other Threads:
  0x000000001756b800 VMThread [stack: 0x0000000018770000,0x0000000018870000] [id=3716]
  0x0000000018f40800 WatcherThread [stack: 0x0000000019920000,0x0000000019a20000] [id=1828]

VM state:not at safepoint (normal execution)

VM Mutex/Monitor currently owned by a thread: None

Heap:
 PSYoungGen      total 111104K, used 39877K [0x00000000d5800000, 0x00000000de500000, 0x0000000100000000)
  eden space 96768K, 32% used [0x00000000d5800000,0x00000000d76e8650,0x00000000db680000)
  from space 14336K, 57% used [0x00000000db680000,0x00000000dbe89030,0x00000000dc480000)
  to   space 13824K, 0% used [0x00000000dd780000,0x00000000dd780000,0x00000000de500000)
 ParOldGen       total 78336K, used 27994K [0x0000000080800000, 0x0000000085480000, 0x00000000d5800000)
  object space 78336K, 35% used [0x0000000080800000,0x0000000082356ae8,0x0000000085480000)
 Metaspace       used 23355K, capacity 24097K, committed 24496K, reserved 1071104K
  class space    used 2942K, capacity 3136K, committed 3248K, reserved 1048576K

Card table byte_map: [0x0000000011bc0000,0x0000000011fc0000] byte_map_base: 0x00000000117bc000

Marking Bits: (ParMarkBitMap*) 0x0000000051f94040
 Begin Bits: [0x0000000012820000, 0x0000000014800000)
 End Bits:   [0x0000000014800000, 0x00000000167e0000)

Polling page: 0x0000000000130000

CodeCache: size=245760Kb used=9128Kb max_used=10158Kb free=236631Kb
 bounds [0x0000000002800000, 0x0000000003200000, 0x0000000011800000]
 total_blobs=3794 nmethods=2975 adapters=730
 compilation: enabled

Compilation events (10 events):
Event: 133.655 Thread 0x0000000018ec3000 3370       3       javafx.scene.Node::hasProperties (25 bytes)
Event: 133.655 Thread 0x0000000018ec3000 nmethod 3370 0x0000000002ace810 code [0x0000000002ace980, 0x0000000002acec28]
Event: 133.655 Thread 0x0000000018ec3000 3372       1       com.sun.prism.impl.shape.MaskData::getWidth (5 bytes)
Event: 133.655 Thread 0x0000000018ec3000 nmethod 3372 0x00000000029a7390 code [0x00000000029a74e0, 0x00000000029a75f0]
Event: 133.655 Thread 0x0000000018ec3000 3373       1       com.sun.prism.impl.shape.MaskData::getHeight (5 bytes)
Event: 133.655 Thread 0x0000000018ec3000 nmethod 3373 0x0000000002a7dc50 code [0x0000000002a7dda0, 0x0000000002a7deb0]
Event: 133.655 Thread 0x0000000018ec3000 3374       3       com.sun.prism.d3d.D3DShader::checkTmpFloatBuf (21 bytes)
Event: 133.655 Thread 0x00000000175d1800 3375       4       com.sun.prism.impl.VertexBuffer::putColor (53 bytes)
Event: 133.656 Thread 0x0000000018ec3000 nmethod 3374 0x0000000002d0e450 code [0x0000000002d0e600, 0x0000000002d0eb28]
Event: 133.656 Thread 0x00000000175d1800 nmethod 3375 0x0000000002cd6410 code [0x0000000002cd6540, 0x0000000002cd6638]

GC Heap History (10 events):
Event: 124.053 GC heap before
{Heap before GC invocations=18 (full 1):
 PSYoungGen      total 76800K, used 67916K [0x00000000d5800000, 0x00000000db280000, 0x0000000100000000)
  eden space 65024K, 100% used [0x00000000d5800000,0x00000000d9780000,0x00000000d9780000)
  from space 11776K, 24% used [0x00000000da700000,0x00000000da9d3010,0x00000000db280000)
  to   space 13824K, 0% used [0x00000000d9780000,0x00000000d9780000,0x00000000da500000)
 ParOldGen       total 78336K, used 27786K [0x0000000080800000, 0x0000000085480000, 0x00000000d5800000)
  object space 78336K, 35% used [0x0000000080800000,0x0000000082322b80,0x0000000085480000)
 Metaspace       used 23333K, capacity 23969K, committed 24240K, reserved 1071104K
  class space    used 2942K, capacity 3136K, committed 3248K, reserved 1048576K
Event: 124.056 GC heap after
Heap after GC invocations=18 (full 1):
 PSYoungGen      total 78848K, used 8341K [0x00000000d5800000, 0x00000000dc100000, 0x0000000100000000)
  eden space 65024K, 0% used [0x00000000d5800000,0x00000000d5800000,0x00000000d9780000)
  from space 13824K, 60% used [0x00000000d9780000,0x00000000d9fa5628,0x00000000da500000)
  to   space 13824K, 0% used [0x00000000db380000,0x00000000db380000,0x00000000dc100000)
 ParOldGen       total 78336K, used 27810K [0x0000000080800000, 0x0000000085480000, 0x00000000d5800000)
  object space 78336K, 35% used [0x0000000080800000,0x0000000082328b80,0x0000000085480000)
 Metaspace       used 23333K, capacity 23969K, committed 24240K, reserved 1071104K
  class space    used 2942K, capacity 3136K, committed 3248K, reserved 1048576K
}
Event: 124.177 GC heap before
{Heap before GC invocations=19 (full 1):
 PSYoungGen      total 78848K, used 73365K [0x00000000d5800000, 0x00000000dc100000, 0x0000000100000000)
  eden space 65024K, 100% used [0x00000000d5800000,0x00000000d9780000,0x00000000d9780000)
  from space 13824K, 60% used [0x00000000d9780000,0x00000000d9fa5628,0x00000000da500000)
  to   space 13824K, 0% used [0x00000000db380000,0x00000000db380000,0x00000000dc100000)
 ParOldGen       total 78336K, used 27810K [0x0000000080800000, 0x0000000085480000, 0x00000000d5800000)
  object space 78336K, 35% used [0x0000000080800000,0x0000000082328b80,0x0000000085480000)
 Metaspace       used 23333K, capacity 23969K, committed 24240K, reserved 1071104K
  class space    used 2942K, capacity 3136K, committed 3248K, reserved 1048576K
Event: 124.179 GC heap after
Heap after GC invocations=19 (full 1):
 PSYoungGen      total 93696K, used 8356K [0x00000000d5800000, 0x00000000dc180000, 0x0000000100000000)
  eden space 79872K, 0% used [0x00000000d5800000,0x00000000d5800000,0x00000000da600000)
  from space 13824K, 60% used [0x00000000db380000,0x00000000dbba9030,0x00000000dc100000)
  to   space 13824K, 0% used [0x00000000da600000,0x00000000da600000,0x00000000db380000)
 ParOldGen       total 78336K, used 27834K [0x0000000080800000, 0x0000000085480000, 0x00000000d5800000)
  object space 78336K, 35% used [0x0000000080800000,0x000000008232eb80,0x0000000085480000)
 Metaspace       used 23333K, capacity 23969K, committed 24240K, reserved 1071104K
  class space    used 2942K, capacity 3136K, committed 3248K, reserved 1048576K
}
Event: 126.656 GC heap before
{Heap before GC invocations=20 (full 1):
 PSYoungGen      total 93696K, used 87146K [0x00000000d5800000, 0x00000000dc180000, 0x0000000100000000)
  eden space 79872K, 98% used [0x00000000d5800000,0x00000000da4f1860,0x00000000da600000)
  from space 13824K, 60% used [0x00000000db380000,0x00000000dbba9030,0x00000000dc100000)
  to   space 13824K, 0% used [0x00000000da600000,0x00000000da600000,0x00000000db380000)
 ParOldGen       total 78336K, used 27834K [0x0000000080800000, 0x0000000085480000, 0x00000000d5800000)
  object space 78336K, 35% used [0x0000000080800000,0x000000008232eb80,0x0000000085480000)
 Metaspace       used 23347K, capacity 24033K, committed 24496K, reserved 1071104K
  class space    used 2942K, capacity 3136K, committed 3248K, reserved 1048576K
Event: 126.657 GC heap after
Heap after GC invocations=20 (full 1):
 PSYoungGen      total 93696K, used 128K [0x00000000d5800000, 0x00000000dd280000, 0x0000000100000000)
  eden space 79872K, 0% used [0x00000000d5800000,0x00000000d5800000,0x00000000da600000)
  from space 13824K, 0% used [0x00000000da600000,0x00000000da620000,0x00000000db380000)
  to   space 14336K, 0% used [0x00000000dc480000,0x00000000dc480000,0x00000000dd280000)
 ParOldGen       total 78336K, used 27978K [0x0000000080800000, 0x0000000085480000, 0x00000000d5800000)
  object space 78336K, 35% used [0x0000000080800000,0x0000000082352ae8,0x0000000085480000)
 Metaspace       used 23347K, capacity 24033K, committed 24496K, reserved 1071104K
  class space    used 2942K, capacity 3136K, committed 3248K, reserved 1048576K
}
Event: 126.824 GC heap before
{Heap before GC invocations=21 (full 1):
 PSYoungGen      total 93696K, used 80000K [0x00000000d5800000, 0x00000000dd280000, 0x0000000100000000)
  eden space 79872K, 100% used [0x00000000d5800000,0x00000000da600000,0x00000000da600000)
  from space 13824K, 0% used [0x00000000da600000,0x00000000da620000,0x00000000db380000)
  to   space 14336K, 0% used [0x00000000dc480000,0x00000000dc480000,0x00000000dd280000)
 ParOldGen       total 78336K, used 27978K [0x0000000080800000, 0x0000000085480000, 0x00000000d5800000)
  object space 78336K, 35% used [0x0000000080800000,0x0000000082352ae8,0x0000000085480000)
 Metaspace       used 23349K, capacity 24033K, committed 24496K, reserved 1071104K
  class space    used 2942K, capacity 3136K, committed 3248K, reserved 1048576K
Event: 126.826 GC heap after
Heap after GC invocations=21 (full 1):
 PSYoungGen      total 111104K, used 8228K [0x00000000d5800000, 0x00000000dd280000, 0x0000000100000000)
  eden space 96768K, 0% used [0x00000000d5800000,0x00000000d5800000,0x00000000db680000)
  from space 14336K, 57% used [0x00000000dc480000,0x00000000dcc89030,0x00000000dd280000)
  to   space 14336K, 0% used [0x00000000db680000,0x00000000db680000,0x00000000dc480000)
 ParOldGen       total 78336K, used 27994K [0x0000000080800000, 0x0000000085480000, 0x00000000d5800000)
  object space 78336K, 35% used [0x0000000080800000,0x0000000082356ae8,0x0000000085480000)
 Metaspace       used 23349K, capacity 24033K, committed 24496K, reserved 1071104K
  class space    used 2942K, capacity 3136K, committed 3248K, reserved 1048576K
}
Event: 127.001 GC heap before
{Heap before GC invocations=22 (full 1):
 PSYoungGen      total 111104K, used 104996K [0x00000000d5800000, 0x00000000dd280000, 0x0000000100000000)
  eden space 96768K, 100% used [0x00000000d5800000,0x00000000db680000,0x00000000db680000)
  from space 14336K, 57% used [0x00000000dc480000,0x00000000dcc89030,0x00000000dd280000)
  to   space 14336K, 0% used [0x00000000db680000,0x00000000db680000,0x00000000dc480000)
 ParOldGen       total 78336K, used 27994K [0x0000000080800000, 0x0000000085480000, 0x00000000d5800000)
  object space 78336K, 35% used [0x0000000080800000,0x0000000082356ae8,0x0000000085480000)
 Metaspace       used 23353K, capacity 24097K, committed 24496K, reserved 1071104K
  class space    used 2942K, capacity 3136K, committed 3248K, reserved 1048576K
Event: 127.003 GC heap after
Heap after GC invocations=22 (full 1):
 PSYoungGen      total 111104K, used 8228K [0x00000000d5800000, 0x00000000de500000, 0x0000000100000000)
  eden space 96768K, 0% used [0x00000000d5800000,0x00000000d5800000,0x00000000db680000)
  from space 14336K, 57% used [0x00000000db680000,0x00000000dbe89030,0x00000000dc480000)
  to   space 13824K, 0% used [0x00000000dd780000,0x00000000dd780000,0x00000000de500000)
 ParOldGen       total 78336K, used 27994K [0x0000000080800000, 0x0000000085480000, 0x00000000d5800000)
  object space 78336K, 35% used [0x0000000080800000,0x0000000082356ae8,0x0000000085480000)
 Metaspace       used 23353K, capacity 24097K, committed 24496K, reserved 1071104K
  class space    used 2942K, capacity 3136K, committed 3248K, reserved 1048576K
}

Deoptimization events (10 events):
Event: 2.159 Thread 0x000000001927a000 Uncommon trap: reason=bimorphic action=maybe_recompile pc=0x0000000002f2b8fc method=java.util.HashMap.putVal(ILjava/lang/Object;Ljava/lang/Object;ZZ)Ljava/lang/Object; @ 203
Event: 2.179 Thread 0x000000001927a000 Uncommon trap: reason=unstable_if action=reinterpret pc=0x0000000002f3d690 method=java.io.ByteArrayInputStream.read()I @ 8
Event: 2.335 Thread 0x000000001927a000 Uncommon trap: reason=predicate action=maybe_recompile pc=0x0000000002b86758 method=sun.net.www.ParseUtil.encodePath(Ljava/lang/String;Z)Ljava/lang/String; @ 36
Event: 102.717 Thread 0x000000001927a000 Uncommon trap: reason=unstable_if action=reinterpret pc=0x000000000299a7c4 method=java.io.BufferedOutputStream.write([BII)V @ 6
Event: 102.729 Thread 0x0000000019244000 Uncommon trap: reason=unstable_if action=reinterpret pc=0x00000000029300dc method=com.sun.javafx.tk.quantum.QuantumToolkit.postPulse()V @ 44
Event: 102.730 Thread 0x0000000019244000 Uncommon trap: reason=unstable_if action=reinterpret pc=0x0000000002ec7e1c method=com.sun.javafx.sg.prism.NGRegion.renderContent(Lcom/sun/prism/Graphics;)V @ 75
Event: 102.730 Thread 0x0000000019244000 Uncommon trap: reason=unstable_if action=reinterpret pc=0x0000000002e47d28 method=com.sun.javafx.geom.transform.AffineBase.translate(DD)V @ 528
Event: 102.730 Thread 0x0000000019244000 Uncommon trap: reason=unstable_if action=reinterpret pc=0x0000000002e31b64 method=com.sun.javafx.geom.transform.AffineBase.getType()I @ 5
Event: 102.742 Thread 0x0000000019292000 Uncommon trap: reason=unstable_if action=reinterpret pc=0x0000000002920f30 method=com.sun.javafx.tk.quantum.QuantumToolkit.postPulse()V @ 17
Event: 117.797 Thread 0x0000000019293800 Uncommon trap: reason=unstable_if action=reinterpret pc=0x00000000031a6cd8 method=com.badlogic.gdx.utils.Array$ArrayIterable.iterator()Ljava/util/Iterator; @ 4

Internal exceptions (10 events):
Event: 2.074 Thread 0x000000001927a000 Exception <a 'java/security/PrivilegedActionException'> (0x00000000d66834b8) thrown at [C:\re\workspace\8-2-build-windows-amd64-cygwin\jdk8u45\3627\hotspot\src\share\vm\prims\jvm.cpp, line 1382]
Event: 2.074 Thread 0x000000001927a000 Exception <a 'java/security/PrivilegedActionException'> (0x00000000d66855f0) thrown at [C:\re\workspace\8-2-build-windows-amd64-cygwin\jdk8u45\3627\hotspot\src\share\vm\prims\jvm.cpp, line 1382]
Event: 2.074 Thread 0x000000001927a000 Exception <a 'java/security/PrivilegedActionException'> (0x00000000d6686ca0) thrown at [C:\re\workspace\8-2-build-windows-amd64-cygwin\jdk8u45\3627\hotspot\src\share\vm\prims\jvm.cpp, line 1382]
Event: 2.074 Thread 0x000000001927a000 Exception <a 'java/security/PrivilegedActionException'> (0x00000000d668c290) thrown at [C:\re\workspace\8-2-build-windows-amd64-cygwin\jdk8u45\3627\hotspot\src\share\vm\prims\jvm.cpp, line 1382]
Event: 2.074 Thread 0x000000001927a000 Exception <a 'java/security/PrivilegedActionException'> (0x00000000d668d478) thrown at [C:\re\workspace\8-2-build-windows-amd64-cygwin\jdk8u45\3627\hotspot\src\share\vm\prims\jvm.cpp, line 1382]
Event: 2.074 Thread 0x000000001927a000 Exception <a 'java/security/PrivilegedActionException'> (0x00000000d668e630) thrown at [C:\re\workspace\8-2-build-windows-amd64-cygwin\jdk8u45\3627\hotspot\src\share\vm\prims\jvm.cpp, line 1382]
Event: 2.121 Thread 0x000000001927a000 Exception <a 'java/lang/NoClassDefFoundError': org/bouncycastle/jce/provider/BouncyCastleProvider> (0x00000000d69ab410) thrown at [C:\re\workspace\8-2-build-windows-amd64-cygwin\jdk8u45\3627\hotspot\src\share\vm\classfile\systemDictionary.cpp, line 199]
Event: 18.629 Thread 0x0000000019293800 Exception <a 'java/io/FileNotFoundException'> (0x00000000d5d894d0) thrown at [C:\re\workspace\8-2-build-windows-amd64-cygwin\jdk8u45\3627\hotspot\src\share\vm\prims\jni.cpp, line 709]
Event: 102.721 Thread 0x0000000019294000 Exception <a 'java/net/SocketException': Socket closed> (0x00000000d65decc8) thrown at [C:\re\workspace\8-2-build-windows-amd64-cygwin\jdk8u45\3627\hotspot\src\share\vm\prims\jni.cpp, line 735]
Event: 117.797 Thread 0x0000000019293800 Implicit null exception at 0x00000000031a6c70 to 0x00000000031a6cc5

Events (10 events):
Event: 128.345 Thread 0x0000000018ec3000 flushing nmethod 0x0000000003079d50
Event: 128.345 Thread 0x0000000018ec3000 flushing nmethod 0x0000000003081510
Event: 128.345 Thread 0x0000000018ec3000 flushing nmethod 0x0000000003085610
Event: 128.345 Thread 0x0000000018ec3000 flushing nmethod 0x0000000003087250
Event: 128.345 Thread 0x0000000018ec3000 flushing nmethod 0x000000000308a2d0
Event: 128.345 Thread 0x0000000018ec3000 flushing nmethod 0x000000000308fb10
Event: 128.345 Thread 0x0000000018ec3000 flushing nmethod 0x0000000003096f10
Event: 132.713 Executing VM operation: RevokeBias
Event: 132.713 Executing VM operation: RevokeBias done
Event: 132.713 Thread 0x0000000019294000 Thread exited: 0x0000000019294000


Dynamic libraries:
0x000000013fdc0000 - 0x000000013fdf7000 	C:\Program Files\Java\jdk1.8.0_45\bin\javaw.exe
0x0000000077ca0000 - 0x0000000077e48000 	C:\Windows\SYSTEM32\ntdll.dll
0x0000000077b80000 - 0x0000000077c9f000 	C:\Windows\system32\kernel32.dll
0x000007fefdae0000 - 0x000007fefdb4c000 	C:\Windows\system32\KERNELBASE.dll
0x000007feffc80000 - 0x000007feffd5b000 	C:\Windows\system32\ADVAPI32.dll
0x000007feffe30000 - 0x000007feffecf000 	C:\Windows\system32\msvcrt.dll
0x000007feff7c0000 - 0x000007feff7df000 	C:\Windows\SYSTEM32\sechost.dll
0x000007fefe190000 - 0x000007fefe2bd000 	C:\Windows\system32\RPCRT4.dll
0x0000000077a80000 - 0x0000000077b7a000 	C:\Windows\system32\USER32.dll
0x000007feff7e0000 - 0x000007feff847000 	C:\Windows\system32\GDI32.dll
0x000007feffa80000 - 0x000007feffa8e000 	C:\Windows\system32\LPK.dll
0x000007feffbb0000 - 0x000007feffc79000 	C:\Windows\system32\USP10.dll
0x000007fefc3a0000 - 0x000007fefc594000 	C:\Windows\WinSxS\amd64_microsoft.windows.common-controls_6595b64144ccf1df_6.0.7601.18837_none_fa3b1e3d17594757\COMCTL32.dll
0x000007feffdb0000 - 0x000007feffe21000 	C:\Windows\system32\SHLWAPI.dll
0x000007feff530000 - 0x000007feff55e000 	C:\Windows\system32\IMM32.DLL
0x000007feffaa0000 - 0x000007feffba9000 	C:\Windows\system32\MSCTF.dll
0x0000000058da0000 - 0x0000000058e72000 	C:\Program Files\Java\jdk1.8.0_45\jre\bin\msvcr100.dll
0x0000000051790000 - 0x0000000052013000 	C:\Program Files\Java\jdk1.8.0_45\jre\bin\server\jvm.dll
0x000007fee5cc0000 - 0x000007fee5cc9000 	C:\Windows\system32\WSOCK32.dll
0x000007feffd60000 - 0x000007feffdad000 	C:\Windows\system32\WS2_32.dll
0x000007feffa90000 - 0x000007feffa98000 	C:\Windows\system32\NSI.dll
0x000007fef8a40000 - 0x000007fef8a7b000 	C:\Windows\system32\WINMM.dll
0x000007fefcb40000 - 0x000007fefcb4c000 	C:\Windows\system32\VERSION.dll
0x0000000077e70000 - 0x0000000077e77000 	C:\Windows\system32\PSAPI.DLL
0x000000005ae40000 - 0x000000005ae4f000 	C:\Program Files\Java\jdk1.8.0_45\jre\bin\verify.dll
0x0000000058f10000 - 0x0000000058f39000 	C:\Program Files\Java\jdk1.8.0_45\jre\bin\java.dll
0x0000000056220000 - 0x0000000056236000 	C:\Program Files\Java\jdk1.8.0_45\jre\bin\zip.dll
0x000007fefe7a0000 - 0x000007feff529000 	C:\Windows\system32\SHELL32.dll
0x000007fefe2c0000 - 0x000007fefe4c3000 	C:\Windows\system32\ole32.dll
0x000007fefda50000 - 0x000007fefda5f000 	C:\Windows\system32\profapi.dll
0x0000000059910000 - 0x000000005993c000 	C:\Program Files\Java\jdk1.8.0_45\jre\bin\prism_d3d.dll
0x000007fee1530000 - 0x000007fee172f000 	C:\Windows\system32\d3d9.dll
0x000007fee34f0000 - 0x000007fee34f7000 	C:\Windows\system32\d3d8thk.dll
0x000007fefbd60000 - 0x000007fefbd78000 	C:\Windows\system32\dwmapi.dll
0x000007fefc1c0000 - 0x000007fefc216000 	C:\Windows\system32\uxtheme.dll
0x000007fef83c0000 - 0x000007fef8522000 	C:\Windows\system32\aticfx64.dll
0x000007fee3490000 - 0x000007fee34b1000 	C:\Windows\system32\atiu9p64.dll
0x000007fee0cd0000 - 0x000007fee152b000 	C:\Windows\system32\atiumd64.dll
0x000000006c8e0000 - 0x000000006d165000 	C:\Windows\system32\atiumd6a.dll
0x000007fefbcf0000 - 0x000007fefbd1c000 	C:\Windows\system32\POWRPROF.dll
0x000007fefdfb0000 - 0x000007fefe187000 	C:\Windows\system32\SETUPAPI.dll
0x000007fefdb90000 - 0x000007fefdbc6000 	C:\Windows\system32\CFGMGR32.dll
0x000007fefded0000 - 0x000007fefdfa7000 	C:\Windows\system32\OLEAUT32.dll
0x000007fefdb70000 - 0x000007fefdb8a000 	C:\Windows\system32\DEVOBJ.dll
0x0000000058d50000 - 0x0000000058d91000 	C:\Program Files\Java\jdk1.8.0_45\jre\bin\glass.dll
0x000007feff850000 - 0x000007feff8e7000 	C:\Windows\system32\COMDLG32.dll
0x000007fee9e90000 - 0x000007fee9eb7000 	C:\Program Files (x86)\Raptr\ltc_help64-96675.dll
0x000007fefda70000 - 0x000007fefdaab000 	C:\Windows\system32\WINTRUST.dll
0x000007fefdbd0000 - 0x000007fefdd3d000 	C:\Windows\system32\CRYPT32.dll
0x000007fefda60000 - 0x000007fefda6f000 	C:\Windows\system32\MSASN1.dll
0x000007fefd8f0000 - 0x000007fefd8ff000 	C:\Windows\system32\CRYPTBASE.dll
0x000000005ae20000 - 0x000000005ae35000 	C:\Program Files\Java\jdk1.8.0_45\jre\bin\javafx_font.dll
0x000007fee6c70000 - 0x000007fee6e07000 	C:\Windows\system32\dwrite.dll
0x000007fefde30000 - 0x000007fefdec9000 	C:\Windows\system32\CLBCatQ.DLL
0x000007fefbb80000 - 0x000007fefbce1000 	C:\Windows\system32\WindowsCodecs.dll
0x000007fefd890000 - 0x000007fefd8e7000 	C:\Windows\system32\apphelp.dll
0x000007fef77a0000 - 0x000007fef77d5000 	C:\Windows\system32\EhStorShell.dll
0x000007fefc220000 - 0x000007fefc34c000 	C:\Windows\system32\PROPSYS.dll
0x000007fef7120000 - 0x000007fef7792000 	C:\PROGRA~1\MICROS~3\Office14\GROOVEEX.DLL
0x0000000073b60000 - 0x0000000073c03000 	C:\Windows\WinSxS\amd64_microsoft.vc90.crt_1fc8b3b9a1e18e3b_9.0.30729.6161_none_08e61857a83bc251\MSVCR90.dll
0x00000000739f0000 - 0x0000000073ac3000 	C:\Windows\WinSxS\amd64_microsoft.vc90.crt_1fc8b3b9a1e18e3b_9.0.30729.6161_none_08e61857a83bc251\MSVCP90.dll
0x00000000739c0000 - 0x00000000739ef000 	C:\Windows\WinSxS\amd64_microsoft.vc90.atl_1fc8b3b9a1e18e3b_9.0.30729.6161_none_0a1fd3a3a768b895\ATL90.DLL
0x000007fef7fb0000 - 0x000007fef83bf000 	C:\PROGRA~1\COMMON~1\MICROS~1\OFFICE14\Cultures\office.odf
0x000007fef5d50000 - 0x000007fef65b4000 	C:\PROGRA~1\MICROS~3\Office14\1033\GrooveIntlResource.dll
0x000007fef7f30000 - 0x000007fef7fae000 	C:\Windows\System32\cscui.dll
0x000007fef85e0000 - 0x000007fef85ec000 	C:\Windows\System32\CSCDLL.dll
0x000007fef8730000 - 0x000007fef873f000 	C:\Windows\system32\CSCAPI.dll
0x000007fef7eb0000 - 0x000007fef7f30000 	C:\Windows\system32\ntshrui.dll
0x000007fefd510000 - 0x000007fefd533000 	C:\Windows\system32\srvcli.dll
0x000007fefae90000 - 0x000007fefae9b000 	C:\Windows\system32\slc.dll
0x000007fef7e40000 - 0x000007fef7e48000 	C:\Windows\system32\IconCodecService.dll
0x000007fef2780000 - 0x000007fef27ad000 	C:\Program Files\Common Files\Microsoft Shared\Ink\rtscom.dll
0x0000000058d30000 - 0x0000000058d41000 	C:\Program Files\Java\jdk1.8.0_45\jre\bin\prism_common.dll
0x000007fedb200000 - 0x000007fedb5c4000 	C:\Windows\system32\d2d1.dll
0x000007fef8a90000 - 0x000007fef8c65000 	C:\Windows\system32\d3d11.dll
0x000007fef8cb0000 - 0x000007fef8d0d000 	C:\Windows\system32\dxgi.dll
0x000007fedad00000 - 0x000007fedaf79000 	C:\Windows\system32\D3D10Warp.dll
0x000007fef8910000 - 0x000007fef8936000 	C:\Windows\system32\DXGIDebug.dll
0x0000000065580000 - 0x0000000065616000 	C:\Users\Ramor\AppData\Local\Temp\libgdxRamor\f5fe0902\gdx64.dll
0x000007fefd480000 - 0x000007fefd498000 	C:\Windows\system32\CRYPTSP.dll
0x000007fefcf80000 - 0x000007fefcfc7000 	C:\Windows\system32\rsaenh.dll
0x000007fefdab0000 - 0x000007fefdace000 	C:\Windows\system32\USERENV.dll
0x0000000056200000 - 0x000000005621a000 	C:\Program Files\Java\jdk1.8.0_45\jre\bin\net.dll
0x000007fefd1b0000 - 0x000007fefd205000 	C:\Windows\system32\mswsock.dll
0x000007fefd3a0000 - 0x000007fefd3a7000 	C:\Windows\System32\wship6.dll
0x000007fefaca0000 - 0x000007fefacc7000 	C:\Windows\system32\IPHLPAPI.DLL
0x000007fefac90000 - 0x000007fefac9b000 	C:\Windows\system32\WINNSI.DLL
0x000007fefaab0000 - 0x000007fefaac1000 	C:\Windows\system32\dhcpcsvc6.DLL
0x000007fefa970000 - 0x000007fefa988000 	C:\Windows\system32\dhcpcsvc.DLL
0x0000000051770000 - 0x0000000051781000 	C:\Program Files\Java\jdk1.8.0_45\jre\bin\nio.dll
0x0000000180000000 - 0x0000000180053000 	C:\Users\Ramor\AppData\Local\Temp\libgdxRamor\dc0f0009\lwjgl64.dll
0x000007fedd1a0000 - 0x000007fedd2bd000 	C:\Windows\system32\OPENGL32.dll
0x000007fef1f70000 - 0x000007fef1f9d000 	C:\Windows\system32\GLU32.dll
0x000007fedeae0000 - 0x000007fedebd1000 	C:\Windows\system32\DDRAW.dll
0x000007fef4ba0000 - 0x000007fef4ba8000 	C:\Windows\system32\DCIMAN32.dll
0x0000000018d00000 - 0x0000000018d64000 	C:\Users\Ramor\AppData\Local\Temp\libgdxRamor\dc0f0009\OpenAL64.dll
0x000007fefbd80000 - 0x000007fefbdcb000 	C:\Windows\System32\MMDevApi.dll
0x000007fef4950000 - 0x000007fef49d8000 	C:\Windows\system32\dsound.dll
0x000007fef2a70000 - 0x000007fef2abf000 	C:\Windows\system32\AUDIOSES.DLL
0x000007fefb140000 - 0x000007fefb155000 	C:\Windows\system32\NLAapi.dll
0x000007fefade0000 - 0x000007fefadf5000 	C:\Windows\system32\napinsp.dll
0x000007fefadc0000 - 0x000007fefadd9000 	C:\Windows\system32\pnrpnsp.dll
0x000007fefd040000 - 0x000007fefd09b000 	C:\Windows\system32\DNSAPI.dll
0x000007fefb2e0000 - 0x000007fefb2eb000 	C:\Windows\System32\winrnr.dll
0x000007fefcc10000 - 0x000007fefcc17000 	C:\Windows\System32\wshtcpip.dll
0x000007fefa6d0000 - 0x000007fefa6d8000 	C:\Windows\system32\rasadhlp.dll
0x000007fefab90000 - 0x000007fefabe3000 	C:\Windows\System32\fwpuclnt.dll
0x000007fef3e90000 - 0x000007fef3ea8000 	C:\Windows\system32\atig6pxx.dll
0x00000000521e0000 - 0x0000000053fdc000 	C:\Windows\system32\atio6axx.dll
0x000007feeb4a0000 - 0x000007feeb5e0000 	C:\Windows\system32\atiadlxx.dll
0x000007fefc970000 - 0x000007fefc981000 	C:\Windows\system32\WTSAPI32.dll
0x0000000058d00000 - 0x0000000058d24000 	C:\Program Files\Java\jdk1.8.0_45\jre\bin\sunec.dll
0x000007fef1e90000 - 0x000007fef1ebc000 	C:\Windows\system32\atig6txx.dll
0x000007fee0ba0000 - 0x000007fee0c3c000 	C:\Windows\system32\mscms.dll
0x000007fee0b00000 - 0x000007fee0b42000 	C:\Windows\system32\icm32.dll
0x000000005abd0000 - 0x000000005abdb000 	C:\Program Files\Java\jdk1.8.0_45\jre\bin\sunmscapi.dll
0x0000000058b60000 - 0x0000000058cf8000 	C:\Program Files\Java\jdk1.8.0_45\jre\bin\awt.dll
0x0000000058b20000 - 0x0000000058b51000 	C:\Program Files\Java\jdk1.8.0_45\jre\bin\jpeg.dll
0x000007fefde10000 - 0x000007fefde29000 	C:\Windows\system32\imagehlp.dll
0x000007fefd3f0000 - 0x000007fefd440000 	C:\Windows\system32\ncrypt.dll
0x000007fefd310000 - 0x000007fefd332000 	C:\Windows\system32\bcrypt.dll
0x000007fefcec0000 - 0x000007fefcf0c000 	C:\Windows\system32\bcryptprimitives.dll
0x000007fefcd00000 - 0x000007fefcd1b000 	C:\Windows\system32\GPAPI.dll
0x000007fef8550000 - 0x000007fef8577000 	C:\Windows\system32\cryptnet.dll
0x000007feffed0000 - 0x000007fefff22000 	C:\Windows\system32\WLDAP32.dll
0x000007fef4b00000 - 0x000007fef4b09000 	C:\Windows\system32\SensApi.dll
0x000007fedafe0000 - 0x000007fedb1f4000 	C:\PROGRA~2\Raptr\ltc_game64-96675.dll
0x000007feff560000 - 0x000007feff7ba000 	C:\Windows\system32\WININET.dll

VM Arguments:
jvm_args: -Dfile.encoding=Cp1252 
java_command: application.Main
java_class_path (initial): C:\Users\Ramor\Desktop\3DScanner.RaspberryPi\desktop\bin;C:\Users\Ramor\.gradle\caches\modules-2\files-2.1\com.badlogicgames.gdx\gdx-backend-lwjgl\1.5.3\1dac61f666ee49787b623de5ac006245a06572b1\gdx-backend-lwjgl-1.5.3.jar;C:\Users\Ramor\.gradle\caches\modules-2\files-2.1\com.badlogicgames.gdx\gdx-box2d-platform\1.5.3\b9d5a20438a0dd1270109e87ce160087bf8f4be8\gdx-box2d-platform-1.5.3-natives-desktop.jar;C:\Users\Ramor\.gradle\caches\modules-2\files-2.1\com.badlogicgames.gdx\gdx-platform\1.5.3\ca6446f72f86f99ae181da5d327094aa758f2023\gdx-platform-1.5.3-natives-desktop.jar;C:\Users\Ramor\.gradle\caches\modules-2\files-2.1\com.badlogicgames.gdx\gdx\1.5.3\3b8f2a7e697b097735ec8fd2b9d576d0959cb7c9\gdx-1.5.3.jar;C:\Users\Ramor\.gradle\caches\modules-2\files-2.1\com.badlogicgames.jlayer\jlayer\1.0.1-gdx\7cca83cec5c1b2f011362f4d85aabd71a73b049d\jlayer-1.0.1-gdx.jar;C:\Users\Ramor\.gradle\caches\modules-2\files-2.1\net.java.jinput\jinput-platform\2.0.5\385ee093e01f587f30ee1c8a2ee7d408fd732e16\jinput-platform-2.0.5-natives-windows.jar;C:\Users\Ramor\.gradle\caches\modules-2\files-2.1\net.java.jinput\jinput-platform\2.0.5\53f9c919f34d2ca9de8c51fc4e1e8282029a9232\jinput-platform-2.0.5-natives-osx.jar;C:\Users\Ramor\.gradle\caches\modules-2\files-2.1\net.java.jinput\jinput-platform\2.0.5\7ff832a6eb9ab6a767f1ade2b548092d0fa64795\jinput-platform-2.0.5-natives-linux.jar;C:\Users\Ramor\.gradle\caches\modules-2\files-2.1\net.java.jinput\jinput\2.0.5\39c7796b469a600f72380316f6b1f11db6c2c7c4\jinput-2.0.5.jar;C:\Users\Ramor\.gradle\caches\modules-2\files-2.1\net.java.jutils\jutils\1.0.0\e12fe1fda814bd348c1579329c86943d2cd3c6a6\jutils-1.0.0.jar;C:\Users\Ramor\.gradle\caches\modules-2\files-2.1\org.jcraft\jorbis\0.0.17\8872d22b293e8f5d7d56ff92be966e6dc28ebdc6\jorbis-0.0.17.jar;C:\Users\Ramor\.gradle\caches\modules-2\files-2.1\org.lwjgl.lwjgl\lwjgl-platform\2.9.2\510c7d317f5e9e700b9cfaac5fd38bdebf0702e0\lwjgl-platform-2.9.2-natives-windows.jar;C:\Users\Ramor\.grad
Launcher Type: SUN_STANDARD

Environment Variables:
JAVA_HOME=C:\Program Files\Java\jdk1.8.0_45
PATH=C:/Program Files/Java/jdk1.8.0_45/bin/../jre/bin/server;C:/Program Files/Java/jdk1.8.0_45/bin/../jre/bin;C:/Program Files/Java/jdk1.8.0_45/bin/../jre/lib/amd64;C:\Program Files\Java\jdk1.8.0_45\bin;C:\Program Files (x86)\Git\cmd;C:\Users\Ramor\Desktop\eclipse;
USERNAME=Ramor
OS=Windows_NT
PROCESSOR_IDENTIFIER=Intel64 Family 6 Model 58 Stepping 9, GenuineIntel



---------------  S Y S T E M  ---------------

OS: Windows 7 , 64 bit Build 7601 (6.1.7601.18847)

CPU:total 4 (4 cores per cpu, 1 threads per core) family 6 model 58 stepping 9, cmov, cx8, fxsr, mmx, sse, sse2, sse3, ssse3, sse4.1, sse4.2, popcnt, avx, aes, clmul, erms, tsc, tscinvbit, tscinv

Memory: 4k page, physical 8349832k(4435236k free), swap 16697812k(11964524k free)

vm_info: Java HotSpot(TM) 64-Bit Server VM (25.45-b02) for windows-amd64 JRE (1.8.0_45-b15), built on Apr 30 2015 12:40:44 by "java_re" with MS VC++ 10.0 (VS2010)

time: Thu Jul 30 17:09:51 2015
elapsed time: 133 seconds (0d 0h 2m 13s)

